INFO 2024-06-08 06:46:39 autoreload Watching for file changes with StatReloader
INFO 2024-06-08 07:19:25 basehttp "GET /v1/config/relationships HTTP/1.1" 200 146
INFO 2024-06-08 07:19:25 basehttp "GET /v1/config/insurance-company HTTP/1.1" 200 70
INFO 2024-06-08 07:19:25 basehttp "GET /v1/config/business-sectors HTTP/1.1" 200 70
INFO 2024-06-08 07:19:25 basehttp "GET /v1/config/id-document-types HTTP/1.1" 200 112
INFO 2024-06-08 07:19:25 basehttp "GET /v1/config/agents HTTP/1.1" 200 166
INFO 2024-06-08 07:19:38 basehttp "GET /v1/config/id-document-types HTTP/1.1" 200 112
INFO 2024-06-08 07:19:38 basehttp "GET /v1/config/relationships HTTP/1.1" 200 146
INFO 2024-06-08 07:19:38 basehttp "GET /v1/config/agents HTTP/1.1" 200 166
INFO 2024-06-08 07:19:38 basehttp "GET /v1/config/insurance-company HTTP/1.1" 200 70
INFO 2024-06-08 07:19:38 basehttp "GET /v1/config/business-sectors HTTP/1.1" 200 70
INFO 2024-06-08 07:19:39 basehttp "GET /v1/config/id-document-types HTTP/1.1" 200 112
INFO 2024-06-08 07:19:39 basehttp "GET /v1/config/business-sectors HTTP/1.1" 200 70
INFO 2024-06-08 07:19:39 basehttp "GET /v1/config/insurance-company HTTP/1.1" 200 70
INFO 2024-06-08 07:19:39 basehttp "GET /v1/config/relationships HTTP/1.1" 200 146
INFO 2024-06-08 07:19:39 basehttp "GET /v1/config/agents HTTP/1.1" 200 166
INFO 2024-06-08 07:19:51 basehttp "POST /v1/auth/token/ HTTP/1.1" 200 568
INFO 2024-06-08 07:20:21 basehttp "GET /v1/policies/?page=1&policy_type=1 HTTP/1.1" 200 4096
INFO 2024-06-08 07:21:10 basehttp "GET /v1/policies/?page=1&policy_type=1 HTTP/1.1" 200 4096
INFO 2024-06-08 07:31:28 basehttp "GET /v1/policies/?page=1&policy_type=2&query= HTTP/1.1" 200 92410
